--------------------------------------------------------------------------------
Marvellous Automation Script 
--------------------------------------------------------------------------------

 Log files created: 
--------------------------------------------------------------------------------
Starting Time : Thu Jul 23 20:36:47 2026
Directory Scanned : Marvellous
--------------------------------------------------------------------------------
Deleted : Marvellous/demo1.txt
Marvellous/demo1.txt Deleted
Checksum : f057f5ccb87a310534b9dda3a69a72c4
Completion Time : Thu Jul 23 20:36:47 2026
--------------------------------------------------------------------------------
Total files scanned : 2
Total duplicate files found : 1
Total duplicate files deleted : 1
Errors Encountered : None
Email Delivery Status : Pending
--------------------------------------------------------------------------------
Log file gets created at : Thu Jul 23 20:36:47 2026
--------------------------------------------------------------------------------
